<?xml version="1.0" encoding="UTF-8"?>
<testsuite name="service.CardServiceTest" tests="6" skipped="0" failures="0" errors="0" timestamp="2022-04-05T19:07:25" hostname="LAPTOP-Kristi" time="0.369">
  <properties/>
  <testcase name="testGetCard_Found()" classname="service.CardServiceTest" time="0.319"/>
  <testcase name="[1] null" classname="service.CardServiceTest" time="0.017"/>
  <testcase name="[2] " classname="service.CardServiceTest" time="0.003"/>
  <testcase name="[3] &#9;" classname="service.CardServiceTest" time="0.003"/>
  <testcase name="[4] &#10;" classname="service.CardServiceTest" time="0.002"/>
  <testcase name="testGetAll()" classname="service.CardServiceTest" time="0.003"/>
  <system-out><![CDATA[]]></system-out>
  <system-err><![CDATA[]]></system-err>
</testsuite>
